
=== Tue Oct  8 18:16:32 2024

Packages were changed.
Update Mode: updateDependencies

The following packages were updated:
  com.unity.visualscripting from version 1.9.1 to 1.9.4

=== Tue Oct  8 21:01:11 2024

Packages were changed.
Update Mode: updateDependencies

The following packages were updated:
  com.unity.cinemachine from version 2.9.7 to 2.10.0
  com.unity.inputsystem from version 1.5.1 to 1.7.0
  com.unity.render-pipelines.universal from version 14.0.7 to 14.0.11

=== Tue Oct  8 21:01:11 2024

Packages were changed.
Update Mode: mergeDefaultDependencies

The following packages were added:
  com.unity.cinemachine@2.10.0
  com.unity.inputsystem@1.7.0
  com.unity.render-pipelines.universal@14.0.11

=== Tue Oct  8 21:07:38 2024

Packages were changed.
Update Mode: updateDependencies

The following packages were updated:
  com.unity.cinemachine from version 2.9.7 to 2.10.0
  com.unity.inputsystem from version 1.5.1 to 1.7.0
  com.unity.render-pipelines.universal from version 14.0.7 to 14.0.11

=== Tue Oct  8 21:41:56 2024

Packages were changed.
Update Mode: updateDependencies

The following packages were updated:
  com.unity.cinemachine from version 2.9.7 to 2.10.0
  com.unity.inputsystem from version 1.5.1 to 1.7.0
  com.unity.render-pipelines.universal from version 14.0.7 to 14.0.11

=== Tue Oct  8 21:42:33 2024

Packages were changed.
Update Mode: updateDependencies

The following packages were updated:
  com.unity.cinemachine from version 2.9.7 to 2.10.0
  com.unity.inputsystem from version 1.5.1 to 1.7.0
  com.unity.render-pipelines.universal from version 14.0.7 to 14.0.11
